<?xml version="1.0" encoding="UTF-8"?>
<testng-results total="1" passed="1" failed="0" skipped="0">
  <reporter-output>
  </reporter-output>
  <suite started-at="2024-07-31T18:33:04Z" name="Test Suite for Buildout" finished-at="2024-07-31T18:33:21Z" duration-ms="16431">
    <groups>
    </groups>
    <test started-at="2024-07-31T18:33:04Z" name="Test Cases for Buildout" finished-at="2024-07-31T18:33:21Z" duration-ms="16431">
      <class name="demo.TestCases">
        <test-method is-config="true" signature="startBrowser()[pri:0, instance:demo.TestCases@aafcffa]" started-at="2024-08-01T00:03:04Z" name="startBrowser" finished-at="2024-08-01T00:03:07Z" duration-ms="2805" status="PASS">
          <reporter-output>
          </reporter-output>
        </test-method> <!-- startBrowser -->
        <test-method signature="testCase01()[pri:0, instance:demo.TestCases@aafcffa]" started-at="2024-08-01T00:03:07Z" name="testCase01" finished-at="2024-08-01T00:03:20Z" duration-ms="12754" status="PASS">
          <reporter-output>
          </reporter-output>
        </test-method> <!-- testCase01 -->
        <test-method is-config="true" signature="endTest()[pri:0, instance:demo.TestCases@aafcffa]" started-at="2024-08-01T00:03:20Z" name="endTest" finished-at="2024-08-01T00:03:21Z" duration-ms="844" status="PASS">
          <reporter-output>
          </reporter-output>
        </test-method> <!-- endTest -->
      </class> <!-- demo.TestCases -->
    </test> <!-- Test Cases for Buildout -->
  </suite> <!-- Test Suite for Buildout -->
</testng-results>
